{
  "stats": {
    "suites": 1,
    "tests": 1,
    "passes": 0,
    "pending": 0,
    "failures": 1,
    "start": "2026-02-03T09:09:52.910Z",
    "end": "2026-02-03T09:10:26.488Z",
    "duration": 33578,
    "testsRegistered": 1,
    "passPercent": 0,
    "pendingPercent": 0,
    "other": 0,
    "hasOther": false,
    "skipped": 0,
    "hasSkipped": false
  },
  "results": [
    {
      "uuid": "01a11e0c-cdd3-47e3-87d2-94dc02e19bb7",
      "title": "",
      "fullFile": "cypress\\e2e\\beckett\\login\\yopmail\\forgotpassword.cy.js",
      "file": "cypress\\e2e\\beckett\\login\\yopmail\\forgotpassword.cy.js",
      "beforeHooks": [],
      "afterHooks": [],
      "tests": [],
      "suites": [
        {
          "uuid": "d33c7297-593a-44fc-937d-1daaef46f2fc",
          "title": "Forgot password test",
          "fullFile": "",
          "file": "",
          "beforeHooks": [],
          "afterHooks": [],
          "tests": [
            {
              "title": "forgot password test",
              "fullTitle": "Forgot password test forgot password test",
              "timedOut": null,
              "duration": 9452,
              "state": "failed",
              "speed": null,
              "pass": false,
              "fail": true,
              "pending": false,
              "context": null,
              "code": "cy.visit('https://www.beckett.com/');\ncy.get('.btn-outline-primary-new-color').should('be.visible').click();\ncy.get('#loginEmail').type(Cypress.env('email'));\ncy.get('#loginPassword').type(Cypress.env('email'));\ncy.contains('a', 'Forgot Password').should('be.visible').click();\ncy.contains('h1', 'Forgot Password').should('be.visible');\ncy.get('#email').should('be.visible').type(email, {\n  force: true\n});\ncy.get('#g-recaptcha-1 > [style=\"width: 304px; height: 78px;\"] > div > iframe').should('be.visible').click();\ncy.wait(30000);\ncy.get('.sentPassReset').should('be.visible').click();\ncy.wait(10000);\ncy.origin('https://yopmail.com', {\n  args: {\n    email\n  }\n}, ({\n  email\n}) => {\n  cy.visit('/en/');\n  cy.get('#login').type(email);\n  cy.get('#refreshbut > .md > .material-icons-outlined').click();\n  cy.get('iframe#ifinbox').then($iframe => {\n    const inbox = $iframe[0].contentDocument.body;\n    cy.wrap(inbox).contains('Confirm Password Reset').click(); // Adjust text if needed\n  });\n  cy.get('iframe#ifmail').then($iframe => {\n    const mailBody = $iframe[0].contentDocument.body;\n    cy.wrap(mailBody).invoke('text').then(text => {\n      const otpMatch = text.match(/\\b\\d{6}\\b/);\n      expect(otpMatch, 'OTP found in email').to.exist;\n      Cypress.env('otpCode', otpMatch[0]);\n    });\n  });\n});\ncy.then(() => {\n  const otp = Cypress.env('otpCode');\n  cy.visit('https://www.beckett.com/register/confirm/'); // Adjust if different\n  cy.get('input[name=\"verification code\"]').type(otp);\n  cy.get('button[type=\"submit\"]').click();\n  // Step 4: Enter new password\n  cy.get('#password').type(newPass);\n  cy.get('#confirmPassword').type(newPass);\n  cy.get('button[type=\"submit\"]').click();\n});",
              "err": {
                "message": "CypressError: `cy.type()` can only accept a string or number. You passed in: `undefined`\n\nhttps://on.cypress.io/type",
                "estack": "CypressError: `cy.type()` can only accept a string or number. You passed in: `undefined`\n\nhttps://on.cypress.io/type\n    at Context.type (https://www.beckett.com/__cypress/runner/cypress_runner.js:117370:68)\n    at wrapped (https://www.beckett.com/__cypress/runner/cypress_runner.js:146027:19)\n    at <unknown> (https://www.beckett.com/__cypress/runner/cypress_runner.js:151996:15)\n    at tryCatcher (https://www.beckett.com/__cypress/runner/cypress_runner.js:1777:23)\n    at Promise._settlePromiseFromHandler (https://www.beckett.com/__cypress/runner/cypress_runner.js:1489:31)\n    at Promise._settlePromise (https://www.beckett.com/__cypress/runner/cypress_runner.js:1546:18)\n    at Promise._settlePromiseCtx (https://www.beckett.com/__cypress/runner/cypress_runner.js:1583:10)\n    at _drainQueueStep (https://www.beckett.com/__cypress/runner/cypress_runner.js:2381:12)\n    at _drainQueue (https://www.beckett.com/__cypress/runner/cypress_runner.js:2370:9)\n    at Async._drainQueues (https://www.beckett.com/__cypress/runner/cypress_runner.js:2386:5)\n    at Async.drainQueues (https://www.beckett.com/__cypress/runner/cypress_runner.js:2256:14)",
                "diff": null
              },
              "uuid": "9652da55-2b47-4a05-91f5-f5634a43828e",
              "parentUUID": "d33c7297-593a-44fc-937d-1daaef46f2fc",
              "isHook": false,
              "skipped": false
            }
          ],
          "suites": [],
          "passes": [],
          "failures": [
            "9652da55-2b47-4a05-91f5-f5634a43828e"
          ],
          "pending": [],
          "skipped": [],
          "duration": 9452,
          "root": false,
          "rootEmpty": false,
          "_timeout": 2000
        }
      ],
      "passes": [],
      "failures": [],
      "pending": [],
      "skipped": [],
      "duration": 0,
      "root": true,
      "rootEmpty": true,
      "_timeout": 2000
    }
  ],
  "meta": {
    "mocha": {
      "version": "7.2.0"
    },
    "mochawesome": {
      "options": {
        "quiet": false,
        "reportFilename": "[name]-report",
        "saveHtml": true,
        "saveJson": true,
        "consoleReporter": "spec",
        "useInlineDiffs": false,
        "code": true
      },
      "version": "7.1.4"
    },
    "marge": {
      "options": {
        "reportDir": "cypress/reports",
        "overwrite": false,
        "html": true,
        "json": true,
        "reportFilename": "[name]-report"
      },
      "version": "6.3.2"
    }
  }
}