{
  "stats": {
    "suites": 1,
    "tests": 1,
    "passes": 1,
    "pending": 0,
    "failures": 0,
    "start": "2026-02-03T08:58:08.509Z",
    "end": "2026-02-03T08:58:14.308Z",
    "duration": 5799,
    "testsRegistered": 1,
    "passPercent": 100,
    "pendingPercent": 0,
    "other": 0,
    "hasOther": false,
    "skipped": 0,
    "hasSkipped": false
  },
  "results": [
    {
      "uuid": "5e6496d7-8cd0-4b83-9d89-b498a0b44faf",
      "title": "",
      "fullFile": "cypress\\e2e\\beckett\\smoke\\home.cy.js",
      "file": "cypress\\e2e\\beckett\\smoke\\home.cy.js",
      "beforeHooks": [],
      "afterHooks": [],
      "tests": [],
      "suites": [
        {
          "uuid": "124058cd-aa17-4cfa-ac38-d9de30a9ebec",
          "title": "Beckett Home Page",
          "fullFile": "",
          "file": "",
          "beforeHooks": [],
          "afterHooks": [],
          "tests": [
            {
              "title": "should open Beckett website",
              "fullTitle": "Beckett Home Page should open Beckett website",
              "timedOut": null,
              "duration": 5685,
              "state": "passed",
              "speed": "medium",
              "pass": true,
              "fail": false,
              "pending": false,
              "context": null,
              "code": "cy.visit('/');\ncy.title().should('contain', 'Beckett');",
              "err": {},
              "uuid": "c7b624d6-d8fd-46ed-8a15-ef4c1acca169",
              "parentUUID": "124058cd-aa17-4cfa-ac38-d9de30a9ebec",
              "isHook": false,
              "skipped": false
            }
          ],
          "suites": [],
          "passes": [
            "c7b624d6-d8fd-46ed-8a15-ef4c1acca169"
          ],
          "failures": [],
          "pending": [],
          "skipped": [],
          "duration": 5685,
          "root": false,
          "rootEmpty": false,
          "_timeout": 2000
        }
      ],
      "passes": [],
      "failures": [],
      "pending": [],
      "skipped": [],
      "duration": 0,
      "root": true,
      "rootEmpty": true,
      "_timeout": 2000
    }
  ],
  "meta": {
    "mocha": {
      "version": "7.2.0"
    },
    "mochawesome": {
      "options": {
        "quiet": false,
        "reportFilename": "[name]-report",
        "saveHtml": true,
        "saveJson": true,
        "consoleReporter": "spec",
        "useInlineDiffs": false,
        "code": true
      },
      "version": "7.1.4"
    },
    "marge": {
      "options": {
        "reportDir": "cypress/reports",
        "overwrite": false,
        "html": true,
        "json": true,
        "reportFilename": "[name]-report"
      },
      "version": "6.3.2"
    }
  }
}