{
  "stats": {
    "suites": 1,
    "tests": 4,
    "passes": 4,
    "pending": 0,
    "failures": 0,
    "start": "2026-02-03T08:50:28.955Z",
    "end": "2026-02-03T08:51:11.379Z",
    "duration": 42424,
    "testsRegistered": 4,
    "passPercent": 100,
    "pendingPercent": 0,
    "other": 0,
    "hasOther": false,
    "skipped": 0,
    "hasSkipped": false
  },
  "results": [
    {
      "uuid": "94e3281b-f8cc-42bc-863c-86a9d219c780",
      "title": "",
      "fullFile": "cypress\\e2e\\beckett\\login2\\login.cy.js",
      "file": "cypress\\e2e\\beckett\\login2\\login.cy.js",
      "beforeHooks": [],
      "afterHooks": [],
      "tests": [],
      "suites": [
        {
          "uuid": "11e7dcc3-6972-4fc5-8d9a-9290119a01ee",
          "title": "Beckett Login Test",
          "fullFile": "",
          "file": "",
          "beforeHooks": [],
          "afterHooks": [],
          "tests": [
            {
              "title": "login successfully with valid credentials",
              "fullTitle": "Beckett Login Test login successfully with valid credentials",
              "timedOut": null,
              "duration": 15045,
              "state": "passed",
              "speed": "slow",
              "pass": true,
              "fail": false,
              "pending": false,
              "context": null,
              "code": "cy.visit('/login');\ncy.get('@users').then(users => {\n  cy.get('#loginEmail').type(users.validUser.email);\n  cy.get('#loginPassword').type(users.validUser.password);\n});\ncy.get('#btn_login').click();\ncy.url({\n  timeout: 10000\n}).should('not.include', '/login');\ncy.contains('Logout', {\n  timeout: 10000\n}).should('be.visible');",
              "err": {},
              "uuid": "8bf36177-73f8-4f5a-92b4-99cb23d97d8d",
              "parentUUID": "11e7dcc3-6972-4fc5-8d9a-9290119a01ee",
              "isHook": false,
              "skipped": false
            },
            {
              "title": "stay logged in with Remember Me checked",
              "fullTitle": "Beckett Login Test stay logged in with Remember Me checked",
              "timedOut": null,
              "duration": 17704,
              "state": "passed",
              "speed": "slow",
              "pass": true,
              "fail": false,
              "pending": false,
              "context": null,
              "code": "cy.visit('/login');\ncy.get('@users').then(users => {\n  cy.get('#loginEmail').type(users.validUser.email);\n  cy.get('#loginPassword').type(users.validUser.password);\n});\ncy.get('.form-check-label').click();\ncy.get('#btn_login').click();\ncy.contains('Logout', {\n  timeout: 10000\n}).should('be.visible');\ncy.reload();\ncy.contains('Logout', {\n  timeout: 10000\n}).should('be.visible');",
              "err": {},
              "uuid": "b2163e4e-06d0-4e41-87be-11e5104d6dd4",
              "parentUUID": "11e7dcc3-6972-4fc5-8d9a-9290119a01ee",
              "isHook": false,
              "skipped": false
            },
            {
              "title": "display error for incorrect email or password",
              "fullTitle": "Beckett Login Test display error for incorrect email or password",
              "timedOut": null,
              "duration": 7034,
              "state": "passed",
              "speed": "medium",
              "pass": true,
              "fail": false,
              "pending": false,
              "context": null,
              "code": "cy.visit('/login');\ncy.get('@users').then(users => {\n  cy.get('#loginEmail').type(users.invalidUser.email);\n  cy.get('#loginPassword').type(users.invalidUser.password);\n});\ncy.get('#btn_login').click();\ncy.contains(\"We're sorry, but the email or password you entered is incorrect\").should('be.visible');",
              "err": {},
              "uuid": "10caaa1c-b51c-4795-be9b-1ca6d8d63b54",
              "parentUUID": "11e7dcc3-6972-4fc5-8d9a-9290119a01ee",
              "isHook": false,
              "skipped": false
            },
            {
              "title": "show error when fields are empty",
              "fullTitle": "Beckett Login Test show error when fields are empty",
              "timedOut": null,
              "duration": 2259,
              "state": "passed",
              "speed": "fast",
              "pass": true,
              "fail": false,
              "pending": false,
              "context": null,
              "code": "cy.visit('/login');\ncy.get('#btn_login').should('be.disabled');",
              "err": {},
              "uuid": "f5261dab-66e8-4c4d-b342-0f217682ec44",
              "parentUUID": "11e7dcc3-6972-4fc5-8d9a-9290119a01ee",
              "isHook": false,
              "skipped": false
            }
          ],
          "suites": [],
          "passes": [
            "8bf36177-73f8-4f5a-92b4-99cb23d97d8d",
            "b2163e4e-06d0-4e41-87be-11e5104d6dd4",
            "10caaa1c-b51c-4795-be9b-1ca6d8d63b54",
            "f5261dab-66e8-4c4d-b342-0f217682ec44"
          ],
          "failures": [],
          "pending": [],
          "skipped": [],
          "duration": 42042,
          "root": false,
          "rootEmpty": false,
          "_timeout": 2000
        }
      ],
      "passes": [],
      "failures": [],
      "pending": [],
      "skipped": [],
      "duration": 0,
      "root": true,
      "rootEmpty": true,
      "_timeout": 2000
    }
  ],
  "meta": {
    "mocha": {
      "version": "7.2.0"
    },
    "mochawesome": {
      "options": {
        "quiet": false,
        "reportFilename": "[name]-report",
        "saveHtml": true,
        "saveJson": true,
        "consoleReporter": "spec",
        "useInlineDiffs": false,
        "code": true
      },
      "version": "7.1.4"
    },
    "marge": {
      "options": {
        "reportDir": "cypress/reports",
        "overwrite": false,
        "html": true,
        "json": true,
        "reportFilename": "[name]-report"
      },
      "version": "6.3.2"
    }
  }
}