{
  "stats": {
    "suites": 1,
    "tests": 1,
    "passes": 1,
    "pending": 0,
    "failures": 0,
    "start": "2026-02-03T09:00:59.747Z",
    "end": "2026-02-03T09:01:59.565Z",
    "duration": 59818,
    "testsRegistered": 1,
    "passPercent": 100,
    "pendingPercent": 0,
    "other": 0,
    "hasOther": false,
    "skipped": 0,
    "hasSkipped": false
  },
  "results": [
    {
      "uuid": "49237aa1-1151-4648-8902-7d08d7fcd7f2",
      "title": "",
      "fullFile": "cypress\\e2e\\beckett\\grading\\popreport.cy.js",
      "file": "cypress\\e2e\\beckett\\grading\\popreport.cy.js",
      "beforeHooks": [],
      "afterHooks": [],
      "tests": [],
      "suites": [
        {
          "uuid": "a23d49b9-3c39-4b39-bf38-7ce5feb23431",
          "title": "grading pop report",
          "fullFile": "",
          "file": "",
          "beforeHooks": [],
          "afterHooks": [],
          "tests": [
            {
              "title": "pop report ",
              "fullTitle": "grading pop report pop report ",
              "timedOut": null,
              "duration": 59762,
              "state": "passed",
              "speed": "slow",
              "pass": true,
              "fail": false,
              "pending": false,
              "context": null,
              "code": "cy.viewport(1920, 1080);\ncy.visit(\"https://www.beckett.com/\");\ncy.contains('Pop Report').should('be.visible').click();\ncy.get('#sport_id').should('be.visible').select('Baseball');\ncy.get('#set_name').should('be.visible').type('2009 topps');\ncy.get('#player_name').should('be.visible').type('Jordan');\ncy.get('input[name=search]').should('be.visible').click();\ncy.wait(8000);\ncy.get('tbody > :nth-child(1) > :nth-child(5) > a').should('contain.text', '2009 Topps 206 Autographs');\ncy.contains('a', '2009 Topps 206 Mini Framed Autograph').should('be.visible');\ncy.wait(8000);\ncy.get('input[name=\"ViewAllGrades\"]').should('be.visible').click();",
              "err": {},
              "uuid": "36b7db06-15f6-4ac7-ab74-b8761f158dc9",
              "parentUUID": "a23d49b9-3c39-4b39-bf38-7ce5feb23431",
              "isHook": false,
              "skipped": false
            }
          ],
          "suites": [],
          "passes": [
            "36b7db06-15f6-4ac7-ab74-b8761f158dc9"
          ],
          "failures": [],
          "pending": [],
          "skipped": [],
          "duration": 59762,
          "root": false,
          "rootEmpty": false,
          "_timeout": 2000
        }
      ],
      "passes": [],
      "failures": [],
      "pending": [],
      "skipped": [],
      "duration": 0,
      "root": true,
      "rootEmpty": true,
      "_timeout": 2000
    }
  ],
  "meta": {
    "mocha": {
      "version": "7.2.0"
    },
    "mochawesome": {
      "options": {
        "quiet": false,
        "reportFilename": "[name]-report",
        "saveHtml": true,
        "saveJson": true,
        "consoleReporter": "spec",
        "useInlineDiffs": false,
        "code": true
      },
      "version": "7.1.4"
    },
    "marge": {
      "options": {
        "reportDir": "cypress/reports",
        "overwrite": false,
        "html": true,
        "json": true,
        "reportFilename": "[name]-report"
      },
      "version": "6.3.2"
    }
  }
}