{
  "stats": {
    "suites": 1,
    "tests": 1,
    "passes": 1,
    "pending": 0,
    "failures": 0,
    "start": "2026-02-03T08:46:26.730Z",
    "end": "2026-02-03T08:48:19.901Z",
    "duration": 113171,
    "testsRegistered": 1,
    "passPercent": 100,
    "pendingPercent": 0,
    "other": 0,
    "hasOther": false,
    "skipped": 0,
    "hasSkipped": false
  },
  "results": [
    {
      "uuid": "c152e34c-5f63-4c28-8004-b2852e11bcd9",
      "title": "",
      "fullFile": "cypress\\e2e\\beckett\\BAS\\signature_review.cy.js",
      "file": "cypress\\e2e\\beckett\\BAS\\signature_review.cy.js",
      "beforeHooks": [],
      "afterHooks": [],
      "tests": [],
      "suites": [
        {
          "uuid": "6880816e-182f-4ef0-a080-b60cf7ef5abe",
          "title": "Beckett Authentication SSO",
          "fullFile": "",
          "file": "",
          "beforeHooks": [],
          "afterHooks": [],
          "tests": [
            {
              "title": "signature review order",
              "fullTitle": "Beckett Authentication SSO signature review order",
              "timedOut": null,
              "duration": 54560,
              "state": "passed",
              "speed": "slow",
              "pass": true,
              "fail": false,
              "pending": false,
              "context": null,
              "code": "cy.visit('https://www.beckett-authentication.com/');\ncy.get('#myNavbar > .nav > :nth-child(1) > a').should('be.visible').click();\ncy.get(':nth-child(9) > a > span').should('be.visible').click();\ncy.get('.signBtn > .btn').should('be.visible').click();\ncy.get('[name=\"item_description\"]').should('be.visible').type('my first order');\nconst bcaFile = \"download.jpg\";\ncy.get('input[title=\"file input\"]').attachFile(bcaFile);\ncy.get('[name=\"additional_comment\"]').should('be.visible').type('it is test order');\ncy.get('[name=\"term\"]').should('be.visible').click();\ncy.get('[name=\"PROCEED\"]').should('be.visible').click();\ncy.get('#address_block_12102691 > .addressBox > .addressHad > .slcBox').should('be.visible').click();\ncy.get('.step2Btn > .btn-primary').should('be.visible').click();\ncy.get('#submit-button').should('contain.text', 'Pay Now');",
              "err": {},
              "uuid": "b436ac22-bf63-44eb-aeef-c3b082f8d9d2",
              "parentUUID": "6880816e-182f-4ef0-a080-b60cf7ef5abe",
              "isHook": false,
              "skipped": false
            }
          ],
          "suites": [],
          "passes": [
            "b436ac22-bf63-44eb-aeef-c3b082f8d9d2"
          ],
          "failures": [],
          "pending": [],
          "skipped": [],
          "duration": 54560,
          "root": false,
          "rootEmpty": false,
          "_timeout": 2000
        }
      ],
      "passes": [],
      "failures": [],
      "pending": [],
      "skipped": [],
      "duration": 0,
      "root": true,
      "rootEmpty": true,
      "_timeout": 2000
    }
  ],
  "meta": {
    "mocha": {
      "version": "7.2.0"
    },
    "mochawesome": {
      "options": {
        "quiet": false,
        "reportFilename": "[name]-report",
        "saveHtml": true,
        "saveJson": true,
        "consoleReporter": "spec",
        "useInlineDiffs": false,
        "code": true
      },
      "version": "7.1.4"
    },
    "marge": {
      "options": {
        "reportDir": "cypress/reports",
        "overwrite": false,
        "html": true,
        "json": true,
        "reportFilename": "[name]-report"
      },
      "version": "6.3.2"
    }
  }
}