{
  "stats": {
    "suites": 2,
    "tests": 11,
    "passes": 11,
    "pending": 0,
    "failures": 0,
    "start": "2026-02-03T08:58:16.276Z",
    "end": "2026-02-03T09:00:32.012Z",
    "duration": 135736,
    "testsRegistered": 11,
    "passPercent": 100,
    "pendingPercent": 0,
    "other": 0,
    "hasOther": false,
    "skipped": 0,
    "hasSkipped": false
  },
  "results": [
    {
      "uuid": "defead6f-0319-4ebe-bd16-f4e165966b23",
      "title": "",
      "fullFile": "cypress\\e2e\\beckett\\smoke\\smock_test.cy.js",
      "file": "cypress\\e2e\\beckett\\smoke\\smock_test.cy.js",
      "beforeHooks": [],
      "afterHooks": [],
      "tests": [],
      "suites": [
        {
          "uuid": "eb33268b-5baa-4804-a39b-25c32481fa06",
          "title": "Beckett Website – Smoke Test without login",
          "fullFile": "",
          "file": "",
          "beforeHooks": [],
          "afterHooks": [],
          "tests": [
            {
              "title": "Verify Homepage loads successfully",
              "fullTitle": "Beckett Website – Smoke Test without login Verify Homepage loads successfully",
              "timedOut": null,
              "duration": 4925,
              "state": "passed",
              "speed": "fast",
              "pass": true,
              "fail": false,
              "pending": false,
              "context": null,
              "code": "cy.visit('https://www.beckett.com');\ncy.contains('Marketplace').should('be.visible');\ncy.contains('Online Price Guide').should('be.visible');\ncy.contains('Login').should('be.visible');\ncy.contains('Submit').should('be.visible');\ncy.get('.d-grid').should('be.visible');\ncy.get('[data-type=\"News\"] > .Container_v2__Gryo6').should('be.visible');\ncy.get('.VideoSlide_video__6__Df > .content').should('be.visible');",
              "err": {},
              "uuid": "c7b74631-0680-4035-b291-c76706037630",
              "parentUUID": "eb33268b-5baa-4804-a39b-25c32481fa06",
              "isHook": false,
              "skipped": false
            },
            {
              "title": "Verify main navigation links",
              "fullTitle": "Beckett Website – Smoke Test without login Verify main navigation links",
              "timedOut": null,
              "duration": 6555,
              "state": "passed",
              "speed": "medium",
              "pass": true,
              "fail": false,
              "pending": false,
              "context": null,
              "code": "cy.visit('/');\n// Marketplace\ncy.contains('Marketplace').should('be.visible').and('have.attr', 'href').and('include', 'marketplace.beckett.com');\n// Authentication (opens in new tab, different domain)\ncy.contains('Authenticate').should('be.visible').and('have.attr', 'href').and('include', 'beckett-authentication.com');\n// Grading \ncy.contains('Grading').should('be.visible').click();\ncy.get('.dropdown-menu > [href=\"/grading\"]').should('be.visible').click();\ncy.url().should('include', '/grading');\ncy.get('a[href=\"/\"]').should('be.visible').click();\n//News \ncy.contains('News').should('be.visible').click();\n//Pop Report \ncy.contains('Pop Report').should('be.visible').click();",
              "err": {},
              "uuid": "10477f28-05b6-4d83-806e-94dbb417520f",
              "parentUUID": "eb33268b-5baa-4804-a39b-25c32481fa06",
              "isHook": false,
              "skipped": false
            },
            {
              "title": "Verify opg search functionality without login",
              "fullTitle": "Beckett Website – Smoke Test without login Verify opg search functionality without login",
              "timedOut": null,
              "duration": 5509,
              "state": "passed",
              "speed": "medium",
              "pass": true,
              "fail": false,
              "pending": false,
              "context": null,
              "code": "cy.visit('/');\ncy.get('.rounded-0').type('Pokemon{enter}');\ncy.contains('Please login to search the Beckett Online Price Guide');",
              "err": {},
              "uuid": "7b7cda93-df10-45fc-af91-ef074e59161e",
              "parentUUID": "eb33268b-5baa-4804-a39b-25c32481fa06",
              "isHook": false,
              "skipped": false
            },
            {
              "title": "Verify marketplace search page ",
              "fullTitle": "Beckett Website – Smoke Test without login Verify marketplace search page ",
              "timedOut": null,
              "duration": 12301,
              "state": "passed",
              "speed": "slow",
              "pass": true,
              "fail": false,
              "pending": false,
              "context": null,
              "code": "cy.visit('/');\ncy.get(':nth-child(2) > [name=\"type\"]').click();\ncy.get('.rounded-0').type('Pokemon{enter}');\ncy.url().should('include', 'search');",
              "err": {},
              "uuid": "da5ef905-6374-45a2-8e7e-555044eeef7b",
              "parentUUID": "eb33268b-5baa-4804-a39b-25c32481fa06",
              "isHook": false,
              "skipped": false
            },
            {
              "title": "Verify Checkout page reachable",
              "fullTitle": "Beckett Website – Smoke Test without login Verify Checkout page reachable",
              "timedOut": null,
              "duration": 19314,
              "state": "passed",
              "speed": "slow",
              "pass": true,
              "fail": false,
              "pending": false,
              "context": null,
              "code": "cy.visit('/');\ncy.get('.ms-xxl-4 > .dropdown > .Layout_navbarToggler__IIAtC').should('be.visible').click();\ncy.get('[href=\"/subscriptions/buy\"] > .d-inline-block').should('be.visible').click();\ncy.url().should('include', '/subscriptions/buy');\ncy.go('back');\ncy.get('.ms-xxl-4 > .dropdown > .Layout_navbarToggler__IIAtC').should('be.visible').click();\ncy.get('[href=\"https://marketplace.beckett.com/cart\"]').should('be.visible').and('have.attr', 'href').and('include', 'marketplace.beckett.com/cart');",
              "err": {},
              "uuid": "b9be4782-8cdf-49d8-a887-0db0a6550678",
              "parentUUID": "eb33268b-5baa-4804-a39b-25c32481fa06",
              "isHook": false,
              "skipped": false
            }
          ],
          "suites": [],
          "passes": [
            "c7b74631-0680-4035-b291-c76706037630",
            "10477f28-05b6-4d83-806e-94dbb417520f",
            "7b7cda93-df10-45fc-af91-ef074e59161e",
            "da5ef905-6374-45a2-8e7e-555044eeef7b",
            "b9be4782-8cdf-49d8-a887-0db0a6550678"
          ],
          "failures": [],
          "pending": [],
          "skipped": [],
          "duration": 48604,
          "root": false,
          "rootEmpty": false,
          "_timeout": 2000
        },
        {
          "uuid": "795903e3-2f89-42fc-9126-ace0f3b557d2",
          "title": "Beckett Website – Smoke Test with login ",
          "fullFile": "",
          "file": "",
          "beforeHooks": [],
          "afterHooks": [],
          "tests": [
            {
              "title": "login successfully",
              "fullTitle": "Beckett Website – Smoke Test with login  login successfully",
              "timedOut": null,
              "duration": 20270,
              "state": "passed",
              "speed": "slow",
              "pass": true,
              "fail": false,
              "pending": false,
              "context": null,
              "code": "cy.visit('/');\ncy.url({\n  timeout: 10000\n}).should('not.include', '/login');\ncy.contains('Logout', {\n  timeout: 10000\n}).should('be.visible');",
              "err": {},
              "uuid": "17fea75a-1edd-4858-a904-722d56f12f82",
              "parentUUID": "795903e3-2f89-42fc-9126-ace0f3b557d2",
              "isHook": false,
              "skipped": false
            },
            {
              "title": "Verify opg search functionality with login",
              "fullTitle": "Beckett Website – Smoke Test with login  Verify opg search functionality with login",
              "timedOut": null,
              "duration": 17608,
              "state": "passed",
              "speed": "slow",
              "pass": true,
              "fail": false,
              "pending": false,
              "context": null,
              "code": "cy.visit('/');\ncy.get('.rounded-0').type('Pokemon{enter}');\ncy.url().should('include', 'search');",
              "err": {},
              "uuid": "8886e73d-dba7-4459-b2c3-ce3f3f4f29b9",
              "parentUUID": "795903e3-2f89-42fc-9126-ace0f3b557d2",
              "isHook": false,
              "skipped": false
            },
            {
              "title": "Verify marketplace search page ",
              "fullTitle": "Beckett Website – Smoke Test with login  Verify marketplace search page ",
              "timedOut": null,
              "duration": 14765,
              "state": "passed",
              "speed": "slow",
              "pass": true,
              "fail": false,
              "pending": false,
              "context": null,
              "code": "cy.visit('/');\ncy.get(':nth-child(2) > [name=\"type\"]').click();\ncy.get('.rounded-0').type('Pokemon{enter}');\ncy.url().should('include', 'search');",
              "err": {},
              "uuid": "9ae85013-93c9-4846-91fd-bb732f1af60b",
              "parentUUID": "795903e3-2f89-42fc-9126-ace0f3b557d2",
              "isHook": false,
              "skipped": false
            },
            {
              "title": "Verify Add to Cart functionality for opg",
              "fullTitle": "Beckett Website – Smoke Test with login  Verify Add to Cart functionality for opg",
              "timedOut": null,
              "duration": 14617,
              "state": "passed",
              "speed": "slow",
              "pass": true,
              "fail": false,
              "pending": false,
              "context": null,
              "code": "cy.visit('/opg');\ncy.get('#myTab > :nth-child(2) > .nav-link').should('be.visible').click();\ncy.get('#subscribe_total_now').should('be.visible').click();\ncy.contains('Total Access Web and Mobile App').should('be.visible');",
              "err": {},
              "uuid": "0e4d12d3-4cc3-4dd3-aa3a-b91c444ce225",
              "parentUUID": "795903e3-2f89-42fc-9126-ace0f3b557d2",
              "isHook": false,
              "skipped": false
            },
            {
              "title": "Verify user account page",
              "fullTitle": "Beckett Website – Smoke Test with login  Verify user account page",
              "timedOut": null,
              "duration": 7494,
              "state": "passed",
              "speed": "medium",
              "pass": true,
              "fail": false,
              "pending": false,
              "context": null,
              "code": "cy.visit('/');\ncy.get('.navbar-toggler-icon').should('be.visible').click();\ncy.get('[href=\"/account\"]').should('be.visible').click();\ncy.url().should('include', 'account');\ncy.contains('Profile').should('be.visible');\ncy.contains(_users.default.validUser.email).should('be.visible');",
              "err": {},
              "uuid": "f147c950-da2d-4c15-af0e-fcb82e381f92",
              "parentUUID": "795903e3-2f89-42fc-9126-ace0f3b557d2",
              "isHook": false,
              "skipped": false
            },
            {
              "title": "Verify Logout works",
              "fullTitle": "Beckett Website – Smoke Test with login  Verify Logout works",
              "timedOut": null,
              "duration": 11149,
              "state": "passed",
              "speed": "slow",
              "pass": true,
              "fail": false,
              "pending": false,
              "context": null,
              "code": "cy.visit('/');\ncy.contains('Logout').should('be.visible');\ncy.get('.btn-outline-primary-new-color').click({\n  force: true\n});\ncy.contains('Login');",
              "err": {},
              "uuid": "5cee02d6-c1d3-4b7f-b455-678ae5724203",
              "parentUUID": "795903e3-2f89-42fc-9126-ace0f3b557d2",
              "isHook": false,
              "skipped": false
            }
          ],
          "suites": [],
          "passes": [
            "17fea75a-1edd-4858-a904-722d56f12f82",
            "8886e73d-dba7-4459-b2c3-ce3f3f4f29b9",
            "9ae85013-93c9-4846-91fd-bb732f1af60b",
            "0e4d12d3-4cc3-4dd3-aa3a-b91c444ce225",
            "f147c950-da2d-4c15-af0e-fcb82e381f92",
            "5cee02d6-c1d3-4b7f-b455-678ae5724203"
          ],
          "failures": [],
          "pending": [],
          "skipped": [],
          "duration": 85903,
          "root": false,
          "rootEmpty": false,
          "_timeout": 2000
        }
      ],
      "passes": [],
      "failures": [],
      "pending": [],
      "skipped": [],
      "duration": 0,
      "root": true,
      "rootEmpty": true,
      "_timeout": 2000
    }
  ],
  "meta": {
    "mocha": {
      "version": "7.2.0"
    },
    "mochawesome": {
      "options": {
        "quiet": false,
        "reportFilename": "[name]-report",
        "saveHtml": true,
        "saveJson": true,
        "consoleReporter": "spec",
        "useInlineDiffs": false,
        "code": true
      },
      "version": "7.1.4"
    },
    "marge": {
      "options": {
        "reportDir": "cypress/reports",
        "overwrite": false,
        "html": true,
        "json": true,
        "reportFilename": "[name]-report"
      },
      "version": "6.3.2"
    }
  }
}