{
  "stats": {
    "suites": 1,
    "tests": 1,
    "passes": 1,
    "pending": 0,
    "failures": 0,
    "start": "2026-02-03T08:49:08.372Z",
    "end": "2026-02-03T08:50:27.185Z",
    "duration": 78813,
    "testsRegistered": 1,
    "passPercent": 100,
    "pendingPercent": 0,
    "other": 0,
    "hasOther": false,
    "skipped": 0,
    "hasSkipped": false
  },
  "results": [
    {
      "uuid": "dfa2c155-9aa3-415c-950c-904bd7020ea1",
      "title": "",
      "fullFile": "cypress\\e2e\\beckett\\BAS\\submittion.cy.js",
      "file": "cypress\\e2e\\beckett\\BAS\\submittion.cy.js",
      "beforeHooks": [],
      "afterHooks": [],
      "tests": [],
      "suites": [
        {
          "uuid": "43fb8b93-c80a-40e1-96fd-7eae5b8a0a21",
          "title": "Beckett Authentication SSO",
          "fullFile": "",
          "file": "",
          "beforeHooks": [],
          "afterHooks": [],
          "tests": [
            {
              "title": "Authentication submittion",
              "fullTitle": "Beckett Authentication SSO Authentication submittion",
              "timedOut": null,
              "duration": 23334,
              "state": "passed",
              "speed": "slow",
              "pass": true,
              "fail": false,
              "pending": false,
              "context": null,
              "code": "cy.visit('https://www.beckett-authentication.com/');\ncy.get('.submBtn > .btn').should('be.visible').click();",
              "err": {},
              "uuid": "c7d1a260-bc76-4665-8bbb-2dad3a67c5c5",
              "parentUUID": "43fb8b93-c80a-40e1-96fd-7eae5b8a0a21",
              "isHook": false,
              "skipped": false
            }
          ],
          "suites": [],
          "passes": [
            "c7d1a260-bc76-4665-8bbb-2dad3a67c5c5"
          ],
          "failures": [],
          "pending": [],
          "skipped": [],
          "duration": 23334,
          "root": false,
          "rootEmpty": false,
          "_timeout": 2000
        }
      ],
      "passes": [],
      "failures": [],
      "pending": [],
      "skipped": [],
      "duration": 0,
      "root": true,
      "rootEmpty": true,
      "_timeout": 2000
    }
  ],
  "meta": {
    "mocha": {
      "version": "7.2.0"
    },
    "mochawesome": {
      "options": {
        "quiet": false,
        "reportFilename": "[name]-report",
        "saveHtml": true,
        "saveJson": true,
        "consoleReporter": "spec",
        "useInlineDiffs": false,
        "code": true
      },
      "version": "7.1.4"
    },
    "marge": {
      "options": {
        "reportDir": "cypress/reports",
        "overwrite": false,
        "html": true,
        "json": true,
        "reportFilename": "[name]-report"
      },
      "version": "6.3.2"
    }
  }
}