{
  "stats": {
    "suites": 1,
    "tests": 3,
    "passes": 3,
    "pending": 0,
    "failures": 0,
    "start": "2026-02-03T09:02:01.687Z",
    "end": "2026-02-03T09:02:36.265Z",
    "duration": 34578,
    "testsRegistered": 3,
    "passPercent": 100,
    "pendingPercent": 0,
    "other": 0,
    "hasOther": false,
    "skipped": 0,
    "hasSkipped": false
  },
  "results": [
    {
      "uuid": "76d52454-3147-44f1-bb60-ae2a5c3a66f1",
      "title": "",
      "fullFile": "cypress\\e2e\\beckett\\grading\\verify_cer.cy.js",
      "file": "cypress\\e2e\\beckett\\grading\\verify_cer.cy.js",
      "beforeHooks": [],
      "afterHooks": [],
      "tests": [],
      "suites": [
        {
          "uuid": "224fa213-2b7d-4d9c-8a08-af525b942473",
          "title": "Verify Grading Certificate",
          "fullFile": "",
          "file": "",
          "beforeHooks": [],
          "afterHooks": [],
          "tests": [
            {
              "title": "Verify certificate for BGS using valid certification number",
              "fullTitle": "Verify Grading Certificate Verify certificate for BGS using valid certification number",
              "timedOut": null,
              "duration": 12185,
              "state": "passed",
              "speed": "slow",
              "pass": true,
              "fail": false,
              "pending": false,
              "context": null,
              "code": "verifyCertificate('BGS', '3432341');",
              "err": {},
              "uuid": "c53b74d6-a7f8-4e38-8996-1f9e8af7be91",
              "parentUUID": "224fa213-2b7d-4d9c-8a08-af525b942473",
              "isHook": false,
              "skipped": false
            },
            {
              "title": "Verify certificate for BVG using valid certification number",
              "fullTitle": "Verify Grading Certificate Verify certificate for BVG using valid certification number",
              "timedOut": null,
              "duration": 11270,
              "state": "passed",
              "speed": "slow",
              "pass": true,
              "fail": false,
              "pending": false,
              "context": null,
              "code": "verifyCertificate('BVG', '3432341');",
              "err": {},
              "uuid": "9ad01921-7a31-4aa5-b30e-1ac309f64d35",
              "parentUUID": "224fa213-2b7d-4d9c-8a08-af525b942473",
              "isHook": false,
              "skipped": false
            },
            {
              "title": "Verify certificate for BCCG using valid certification number",
              "fullTitle": "Verify Grading Certificate Verify certificate for BCCG using valid certification number",
              "timedOut": null,
              "duration": 10709,
              "state": "passed",
              "speed": "slow",
              "pass": true,
              "fail": false,
              "pending": false,
              "context": null,
              "code": "verifyCertificate('BCCG', '3432341');",
              "err": {},
              "uuid": "e860acd8-9eba-4bbf-97fa-2164a437f5c0",
              "parentUUID": "224fa213-2b7d-4d9c-8a08-af525b942473",
              "isHook": false,
              "skipped": false
            }
          ],
          "suites": [],
          "passes": [
            "c53b74d6-a7f8-4e38-8996-1f9e8af7be91",
            "9ad01921-7a31-4aa5-b30e-1ac309f64d35",
            "e860acd8-9eba-4bbf-97fa-2164a437f5c0"
          ],
          "failures": [],
          "pending": [],
          "skipped": [],
          "duration": 34164,
          "root": false,
          "rootEmpty": false,
          "_timeout": 2000
        }
      ],
      "passes": [],
      "failures": [],
      "pending": [],
      "skipped": [],
      "duration": 0,
      "root": true,
      "rootEmpty": true,
      "_timeout": 2000
    }
  ],
  "meta": {
    "mocha": {
      "version": "7.2.0"
    },
    "mochawesome": {
      "options": {
        "quiet": false,
        "reportFilename": "[name]-report",
        "saveHtml": true,
        "saveJson": true,
        "consoleReporter": "spec",
        "useInlineDiffs": false,
        "code": true
      },
      "version": "7.1.4"
    },
    "marge": {
      "options": {
        "reportDir": "cypress/reports",
        "overwrite": false,
        "html": true,
        "json": true,
        "reportFilename": "[name]-report"
      },
      "version": "6.3.2"
    }
  }
}